<?xml version="1.0" ?>
<!DOCTYPE coverage SYSTEM "http://cobertura.sourceforge.net/xml/coverage-04.dtd">
<coverage lines-valid="110" lines-covered="91" line-rate="0.8271999999999999" branches-valid="26" branches-covered="21" branch-rate="0.8076000000000001" timestamp="1688297176093" complexity="0" version="0.1">
  <sources>
    <source>D:\dev\portfolio\newsLetter\server</source>
  </sources>
  <packages>
    <package name="newsletter" line-rate="0" branch-rate="1">
      <classes>
        <class name="index.ts" filename="routes\newsletter\index.ts" line-rate="0" branch-rate="1">
          <methods>
            <method name="default_1" hits="0" signature="()V">
              <lines>
                <line number="14" hits="0"/>
              </lines>
            </method>
          </methods>
          <lines>
            <line number="2" hits="0" branch="false"/>
            <line number="3" hits="0" branch="false"/>
            <line number="4" hits="0" branch="false"/>
            <line number="5" hits="0" branch="false"/>
            <line number="6" hits="0" branch="false"/>
            <line number="7" hits="0" branch="false"/>
            <line number="8" hits="0" branch="false"/>
            <line number="10" hits="0" branch="false"/>
            <line number="14" hits="0" branch="false"/>
            <line number="15" hits="0" branch="false"/>
            <line number="16" hits="0" branch="false"/>
            <line number="17" hits="0" branch="false"/>
            <line number="18" hits="0" branch="false"/>
            <line number="19" hits="0" branch="false"/>
            <line number="20" hits="0" branch="false"/>
            <line number="22" hits="0" branch="false"/>
          </lines>
        </class>
      </classes>
    </package>
    <package name="newsletter.delete" line-rate="1" branch-rate="1">
      <classes>
        <class name="delete.ts" filename="routes\newsletter\delete\delete.ts" line-rate="1" branch-rate="1">
          <methods>
            <method name="default_1" hits="1" signature="()V">
              <lines>
                <line number="45" hits="1"/>
              </lines>
            </method>
            <method name="(anonymous_9)" hits="3" signature="()V">
              <lines>
                <line number="50" hits="3"/>
              </lines>
            </method>
            <method name="(anonymous_10)" hits="3" signature="()V">
              <lines>
                <line number="50" hits="3"/>
              </lines>
            </method>
          </methods>
          <lines>
            <line number="1" hits="1" branch="false"/>
            <line number="45" hits="1" branch="false"/>
            <line number="46" hits="1" branch="false"/>
            <line number="48" hits="1" branch="false"/>
            <line number="50" hits="3" branch="false"/>
            <line number="51" hits="3" branch="false"/>
            <line number="53" hits="3" branch="false"/>
            <line number="55" hits="3" branch="false"/>
            <line number="60" hits="2" branch="true" condition-coverage="100% (1/1)"/>
            <line number="61" hits="1" branch="false"/>
            <line number="65" hits="1" branch="false"/>
            <line number="69" hits="1" branch="false"/>
            <line number="71" hits="1" branch="false"/>
            <line number="76" hits="1" branch="false"/>
          </lines>
        </class>
      </classes>
    </package>
    <package name="newsletter.edit" line-rate="0.9375" branch-rate="0.8332999999999999">
      <classes>
        <class name="edit.ts" filename="routes\newsletter\edit\edit.ts" line-rate="0.9375" branch-rate="0.8332999999999999">
          <methods>
            <method name="default_1" hits="1" signature="()V">
              <lines>
                <line number="56" hits="1"/>
              </lines>
            </method>
            <method name="(anonymous_9)" hits="3" signature="()V">
              <lines>
                <line number="59" hits="3"/>
              </lines>
            </method>
            <method name="(anonymous_10)" hits="3" signature="()V">
              <lines>
                <line number="59" hits="3"/>
              </lines>
            </method>
          </methods>
          <lines>
            <line number="1" hits="1" branch="false"/>
            <line number="2" hits="1" branch="false"/>
            <line number="56" hits="1" branch="false"/>
            <line number="57" hits="1" branch="false"/>
            <line number="59" hits="3" branch="false"/>
            <line number="60" hits="3" branch="false"/>
            <line number="61" hits="3" branch="false"/>
            <line number="63" hits="3" branch="true" condition-coverage="100% (3/3)"/>
            <line number="64" hits="1" branch="false"/>
            <line number="67" hits="2" branch="true" condition-coverage="66.66666666666666% (2/3)"/>
            <line number="68" hits="0" branch="false"/>
            <line number="71" hits="2" branch="false"/>
            <line number="72" hits="2" branch="false"/>
            <line number="77" hits="1" branch="false"/>
            <line number="79" hits="1" branch="false"/>
            <line number="83" hits="1" branch="false"/>
          </lines>
        </class>
      </classes>
    </package>
    <package name="newsletter.registered" line-rate="0.9129999999999999" branch-rate="0.6">
      <classes>
        <class name="registered.ts" filename="routes\newsletter\registered\registered.ts" line-rate="0.9129999999999999" branch-rate="0.6">
          <methods>
            <method name="default_1" hits="1" signature="()V">
              <lines>
                <line number="50" hits="1"/>
              </lines>
            </method>
            <method name="(anonymous_9)" hits="13" signature="()V">
              <lines>
                <line number="53" hits="13"/>
              </lines>
            </method>
            <method name="(anonymous_10)" hits="13" signature="()V">
              <lines>
                <line number="53" hits="13"/>
              </lines>
            </method>
          </methods>
          <lines>
            <line number="1" hits="1" branch="false"/>
            <line number="50" hits="1" branch="false"/>
            <line number="51" hits="1" branch="false"/>
            <line number="53" hits="13" branch="false"/>
            <line number="54" hits="13" branch="false"/>
            <line number="56" hits="13" branch="false"/>
            <line number="57" hits="13" branch="false"/>
            <line number="59" hits="13" branch="false"/>
            <line number="60" hits="13" branch="false"/>
            <line number="62" hits="13" branch="true" condition-coverage="0% (0/1)"/>
            <line number="63" hits="0" branch="false"/>
            <line number="66" hits="13" branch="true" condition-coverage="0% (0/1)"/>
            <line number="67" hits="0" branch="false"/>
            <line number="70" hits="13" branch="false"/>
            <line number="71" hits="13" branch="true" condition-coverage="100% (4/4)"/>
            <line number="72" hits="1" branch="false"/>
            <line number="75" hits="13" branch="false"/>
            <line number="77" hits="13" branch="true" condition-coverage="50% (2/4)"/>
            <line number="79" hits="13" branch="false"/>
            <line number="84" hits="12" branch="false"/>
            <line number="86" hits="1" branch="false"/>
            <line number="87" hits="1" branch="false"/>
            <line number="91" hits="1" branch="false"/>
          </lines>
        </class>
      </classes>
    </package>
    <package name="newsletter.search" line-rate="1" branch-rate="1">
      <classes>
        <class name="search.ts" filename="routes\newsletter\search\search.ts" line-rate="1" branch-rate="1">
          <methods>
            <method name="default_1" hits="1" signature="()V">
              <lines>
                <line number="62" hits="1"/>
              </lines>
            </method>
            <method name="(anonymous_9)" hits="4" signature="()V">
              <lines>
                <line number="65" hits="4"/>
              </lines>
            </method>
            <method name="(anonymous_10)" hits="4" signature="()V">
              <lines>
                <line number="65" hits="4"/>
              </lines>
            </method>
          </methods>
          <lines>
            <line number="1" hits="1" branch="false"/>
            <line number="62" hits="1" branch="false"/>
            <line number="63" hits="1" branch="false"/>
            <line number="65" hits="4" branch="false"/>
            <line number="66" hits="4" branch="false"/>
            <line number="68" hits="4" branch="true" condition-coverage="100% (1/1)"/>
            <line number="69" hits="1" branch="false"/>
            <line number="72" hits="3" branch="false"/>
            <line number="73" hits="3" branch="false"/>
            <line number="81" hits="2" branch="false"/>
            <line number="83" hits="1" branch="false"/>
            <line number="86" hits="1" branch="false"/>
          </lines>
        </class>
      </classes>
    </package>
    <package name="newsletter.subscribe" line-rate="1" branch-rate="1">
      <classes>
        <class name="subscribe.ts" filename="routes\newsletter\subscribe\subscribe.ts" line-rate="1" branch-rate="1">
          <methods>
            <method name="default_1" hits="1" signature="()V">
              <lines>
                <line number="45" hits="1"/>
              </lines>
            </method>
            <method name="(anonymous_9)" hits="4" signature="()V">
              <lines>
                <line number="48" hits="4"/>
              </lines>
            </method>
            <method name="(anonymous_10)" hits="4" signature="()V">
              <lines>
                <line number="48" hits="4"/>
              </lines>
            </method>
          </methods>
          <lines>
            <line number="1" hits="1" branch="false"/>
            <line number="2" hits="1" branch="false"/>
            <line number="45" hits="1" branch="false"/>
            <line number="46" hits="1" branch="false"/>
            <line number="48" hits="4" branch="false"/>
            <line number="49" hits="4" branch="false"/>
            <line number="51" hits="4" branch="true" condition-coverage="100% (3/3)"/>
            <line number="52" hits="1" branch="false"/>
            <line number="55" hits="3" branch="false"/>
            <line number="56" hits="3" branch="false"/>
            <line number="63" hits="1" branch="false"/>
            <line number="65" hits="2" branch="false"/>
            <line number="67" hits="2" branch="true" condition-coverage="100% (2/2)"/>
            <line number="68" hits="1" branch="false"/>
            <line number="70" hits="1" branch="false"/>
            <line number="75" hits="1" branch="false"/>
          </lines>
        </class>
      </classes>
    </package>
    <package name="newsletter.unsubscribe" line-rate="1" branch-rate="1">
      <classes>
        <class name="unsubscribe.ts" filename="routes\newsletter\unsubscribe\unsubscribe.ts" line-rate="1" branch-rate="1">
          <methods>
            <method name="default_1" hits="1" signature="()V">
              <lines>
                <line number="55" hits="1"/>
              </lines>
            </method>
            <method name="(anonymous_9)" hits="4" signature="()V">
              <lines>
                <line number="58" hits="4"/>
              </lines>
            </method>
            <method name="(anonymous_10)" hits="4" signature="()V">
              <lines>
                <line number="58" hits="4"/>
              </lines>
            </method>
          </methods>
          <lines>
            <line number="1" hits="1" branch="false"/>
            <line number="55" hits="1" branch="false"/>
            <line number="56" hits="1" branch="false"/>
            <line number="58" hits="4" branch="false"/>
            <line number="59" hits="4" branch="false"/>
            <line number="60" hits="4" branch="false"/>
            <line number="62" hits="4" branch="true" condition-coverage="100% (3/3)"/>
            <line number="63" hits="2" branch="false"/>
            <line number="68" hits="2" branch="false"/>
            <line number="69" hits="2" branch="false"/>
            <line number="74" hits="1" branch="false"/>
            <line number="76" hits="1" branch="false"/>
            <line number="80" hits="1" branch="false"/>
          </lines>
        </class>
      </classes>
    </package>
  </packages>
</coverage>
